<?xml version="1.0" encoding="UTF-8"?>
<testng-results ignored="0" total="1" passed="0" failed="1" skipped="0">
  <reporter-output>
  </reporter-output>
  <suite started-at="2024-08-03T22:47:12 IST" name="Suite" finished-at="2024-08-03T22:47:22 IST" duration-ms="10660">
    <groups>
    </groups>
    <test started-at="2024-08-03T22:47:12 IST" name="Test" finished-at="2024-08-03T22:47:22 IST" duration-ms="10660">
      <class name="com.FitPeo.TestCases.VerifyRevenueCalculatorPage">
        <test-method is-config="true" signature="setup(java.lang.String)[pri:0, instance:com.FitPeo.TestCases.VerifyRevenueCalculatorPage@1ce24091]" started-at="2024-08-03T22:47:12 IST" name="setup" finished-at="2024-08-03T22:47:19 IST" duration-ms="7141" status="PASS">
          <params>
            <param index="0">
              <value>
                <![CDATA[firefox]]>
              </value>
            </param>
          </params>
          <reporter-output>
          </reporter-output>
        </test-method> <!-- setup -->
        <test-method signature="validateRevenueCalculator()[pri:0, instance:com.FitPeo.TestCases.VerifyRevenueCalculatorPage@1ce24091]" started-at="2024-08-03T22:47:19 IST" name="validateRevenueCalculator" finished-at="2024-08-03T22:47:21 IST" duration-ms="1697" status="FAIL">
          <exception class="org.openqa.selenium.interactions.MoveTargetOutOfBoundsException">
            <message>
              <![CDATA[Move target (820, 626) is out of bounds of viewport dimensions (1184, 534)
Build info: version: '4.22.0', revision: 'c5f3146703*'
System info: os.name: 'Windows 11', os.arch: 'amd64', os.version: '10.0', java.version: '21.0.2'
Driver info: org.openqa.selenium.firefox.FirefoxDriver
Command: [8cccc92f-a0b6-4bdb-aaa9-d22520b56551, actions {actions=[org.openqa.selenium.interactions.Sequence@dcc6211]}]
Capabilities {acceptInsecureCerts: true, browserName: firefox, browserVersion: 128.0, moz:accessibilityChecks: false, moz:buildID: 20240704121409, moz:debuggerAddress: 127.0.0.1:11499, moz:geckodriverVersion: 0.34.0, moz:headless: false, moz:platformVersion: 10.0, moz:processID: 36632, moz:profile: C:\Users\bobbi\AppData\Loca..., moz:shutdownTimeout: 60000, moz:webdriverClick: true, moz:windowless: false, pageLoadStrategy: normal, platformName: windows, proxy: Proxy(), se:cdp: ws://127.0.0.1:11499/devtoo..., se:cdpVersion: 85.0, setWindowRect: true, strictFileInteractability: false, timeouts: {implicit: 0, pageLoad: 300000, script: 30000}, unhandledPromptBehavior: dismiss and notify, userAgent: Mozilla/5.0 (Windows NT 10....}
Session ID: 8cccc92f-a0b6-4bdb-aaa9-d22520b56551]]>
            </message>
            <full-stacktrace>
              <![CDATA[org.openqa.selenium.interactions.MoveTargetOutOfBoundsException: Move target (820, 626) is out of bounds of viewport dimensions (1184, 534)
Build info: version: '4.22.0', revision: 'c5f3146703*'
System info: os.name: 'Windows 11', os.arch: 'amd64', os.version: '10.0', java.version: '21.0.2'
Driver info: org.openqa.selenium.firefox.FirefoxDriver
Command: [8cccc92f-a0b6-4bdb-aaa9-d22520b56551, actions {actions=[org.openqa.selenium.interactions.Sequence@dcc6211]}]
Capabilities {acceptInsecureCerts: true, browserName: firefox, browserVersion: 128.0, moz:accessibilityChecks: false, moz:buildID: 20240704121409, moz:debuggerAddress: 127.0.0.1:11499, moz:geckodriverVersion: 0.34.0, moz:headless: false, moz:platformVersion: 10.0, moz:processID: 36632, moz:profile: C:\Users\bobbi\AppData\Loca..., moz:shutdownTimeout: 60000, moz:webdriverClick: true, moz:windowless: false, pageLoadStrategy: normal, platformName: windows, proxy: Proxy(), se:cdp: ws://127.0.0.1:11499/devtoo..., se:cdpVersion: 85.0, setWindowRect: true, strictFileInteractability: false, timeouts: {implicit: 0, pageLoad: 300000, script: 30000}, unhandledPromptBehavior: dismiss and notify, userAgent: Mozilla/5.0 (Windows NT 10....}
Session ID: 8cccc92f-a0b6-4bdb-aaa9-d22520b56551
at java.base/jdk.internal.reflect.DirectConstructorHandleAccessor.newInstance(DirectConstructorHandleAccessor.java:62)
at java.base/java.lang.reflect.Constructor.newInstanceWithCaller(Constructor.java:502)
at java.base/java.lang.reflect.Constructor.newInstance(Constructor.java:486)
at org.openqa.selenium.remote.ErrorCodec.decode(ErrorCodec.java:167)
at org.openqa.selenium.remote.codec.w3c.W3CHttpResponseCodec.decode(W3CHttpResponseCodec.java:138)
at org.openqa.selenium.remote.codec.w3c.W3CHttpResponseCodec.decode(W3CHttpResponseCodec.java:50)
at org.openqa.selenium.remote.HttpCommandExecutor.execute(HttpCommandExecutor.java:190)
at org.openqa.selenium.remote.service.DriverCommandExecutor.invokeExecute(DriverCommandExecutor.java:216)
at org.openqa.selenium.remote.service.DriverCommandExecutor.execute(DriverCommandExecutor.java:174)
at org.openqa.selenium.remote.RemoteWebDriver.execute(RemoteWebDriver.java:518)
at org.openqa.selenium.remote.RemoteWebDriver.perform(RemoteWebDriver.java:604)
at org.openqa.selenium.interactions.Actions$BuiltAction.perform(Actions.java:603)
at org.openqa.selenium.interactions.Actions.perform(Actions.java:568)
at com.FitPeo.TestCases.BaseTest.actionsDD(BaseTest.java:91)
at com.FitPeo.PageObjects.RevenueCalculatorPageElements.getleftSlider(RevenueCalculatorPageElements.java:37)
at com.FitPeo.TestCases.VerifyRevenueCalculatorPage.validateRevenueCalculator(VerifyRevenueCalculatorPage.java:31)
at java.base/jdk.internal.reflect.DirectMethodHandleAccessor.invoke(DirectMethodHandleAccessor.java:103)
at java.base/java.lang.reflect.Method.invoke(Method.java:580)
at org.testng.internal.invokers.MethodInvocationHelper.invokeMethod(MethodInvocationHelper.java:139)
at org.testng.internal.invokers.TestInvoker.invokeMethod(TestInvoker.java:664)
at org.testng.internal.invokers.TestInvoker.invokeTestMethod(TestInvoker.java:228)
at org.testng.internal.invokers.MethodRunner.runInSequence(MethodRunner.java:63)
at org.testng.internal.invokers.TestInvoker$MethodInvocationAgent.invoke(TestInvoker.java:961)
at org.testng.internal.invokers.TestInvoker.invokeTestMethods(TestInvoker.java:201)
at org.testng.internal.invokers.TestMethodWorker.invokeTestMethods(TestMethodWorker.java:148)
at org.testng.internal.invokers.TestMethodWorker.run(TestMethodWorker.java:128)
at java.base/java.util.ArrayList.forEach(ArrayList.java:1596)
at org.testng.TestRunner.privateRun(TestRunner.java:819)
at org.testng.TestRunner.run(TestRunner.java:619)
at org.testng.SuiteRunner.runTest(SuiteRunner.java:443)
at org.testng.SuiteRunner.runSequentially(SuiteRunner.java:437)
at org.testng.SuiteRunner.privateRun(SuiteRunner.java:397)
at org.testng.SuiteRunner.run(SuiteRunner.java:336)
at org.testng.SuiteRunnerWorker.runSuite(SuiteRunnerWorker.java:52)
at org.testng.SuiteRunnerWorker.run(SuiteRunnerWorker.java:95)
at org.testng.TestNG.runSuitesSequentially(TestNG.java:1301)
at org.testng.TestNG.runSuitesLocally(TestNG.java:1228)
at org.testng.TestNG.runSuites(TestNG.java:1134)
at org.testng.TestNG.run(TestNG.java:1101)
at org.testng.remote.AbstractRemoteTestNG.run(AbstractRemoteTestNG.java:115)
at org.testng.remote.RemoteTestNG.initAndRun(RemoteTestNG.java:293)
at org.testng.remote.RemoteTestNG.main(RemoteTestNG.java:91)
]]>
            </full-stacktrace>
          </exception> <!-- org.openqa.selenium.interactions.MoveTargetOutOfBoundsException -->
          <reporter-output>
          </reporter-output>
        </test-method> <!-- validateRevenueCalculator -->
        <test-method is-config="true" signature="teardown()[pri:0, instance:com.FitPeo.TestCases.VerifyRevenueCalculatorPage@1ce24091]" started-at="2024-08-03T22:47:21 IST" name="teardown" finished-at="2024-08-03T22:47:22 IST" duration-ms="1410" status="PASS">
          <reporter-output>
          </reporter-output>
        </test-method> <!-- teardown -->
      </class> <!-- com.FitPeo.TestCases.VerifyRevenueCalculatorPage -->
    </test> <!-- Test -->
  </suite> <!-- Suite -->
</testng-results>
